# JRE version: OpenJDK Runtime Environment Microsoft-11933218 (21.0.8+9) (build 21.0.8+9-LTS)
# Java VM: OpenJDK 64-Bit Server VM Microsoft-11933218 (21.0.8+9-LTS, mixed mode, sharing, tiered, compressed oops, compressed class ptrs, g1 gc, windows-amd64)
GC Precious Log:
 CardTable entry size: 512
 Card Set container configuration: InlinePtr #cards 5 size 8 Array Of Cards #cards 12 size 40 Howl #buckets 4 coarsen threshold 1843 Howl Bitmap #cards 512 size 80 coarsen threshold 460 Card regions per heap region 1 cards per card region 2048
 CPUs: 12 total, 12 available
 Memory: 16310M
 Large Page Support: Disabled
 NUMA Support: Disabled
 Compressed Oops: Enabled (32-bit)
 Heap Region Size: 1M
 Heap Min Capacity: 8M
 Heap Initial Capacity: 256M
 Heap Max Capacity: 1G
 Pre-touch: Disabled
 Parallel Workers: 10
 Concurrent Workers: 3
 Concurrent Refinement Workers: 10
 Periodic GC: Disabled
Heap:
 garbage-first heap   total 263168K, used 154802K [0x00000000c0000000, 0x0000000100000000)
  region size 1024K, 19 young (19456K), 6 survivors (6144K)
 Metaspace       used 96391K, committed 99008K, reserved 1179648K
  class space    used 13386K, committed 14656K, reserved 1048576K
GC Heap History (20 events):
Event: 424.480 GC heap before
{Heap before GC invocations=52 (full 0):
 garbage-first heap   total 263168K, used 217130K [0x00000000c0000000, 0x0000000100000000)
  region size 1024K, 65 young (66560K), 7 survivors (7168K)
 Metaspace       used 95009K, committed 97600K, reserved 1179648K
  class space    used 13379K, committed 14656K, reserved 1048576K
}
Event: 424.498 GC heap after
{Heap after GC invocations=53 (full 0):
 garbage-first heap   total 263168K, used 137548K [0x00000000c0000000, 0x0000000100000000)
  region size 1024K, 4 young (4096K), 4 survivors (4096K)
 Metaspace       used 95009K, committed 97600K, reserved 1179648K
  class space    used 13379K, committed 14656K, reserved 1048576K
}
Event: 424.761 GC heap before
{Heap before GC invocations=53 (full 0):
 garbage-first heap   total 263168K, used 148812K [0x00000000c0000000, 0x0000000100000000)
  region size 1024K, 16 young (16384K), 4 survivors (4096K)
 Metaspace       used 95149K, committed 97728K, reserved 1179648K
  class space    used 13380K, committed 14656K, reserved 1048576K
}
Event: 424.763 GC heap after
{Heap after GC invocations=54 (full 0):
 garbage-first heap   total 263168K, used 138934K [0x00000000c0000000, 0x0000000100000000)
  region size 1024K, 5 young (5120K), 5 survivors (5120K)
 Metaspace       used 95149K, committed 97728K, reserved 1179648K
  class space    used 13380K, committed 14656K, reserved 1048576K
}
Event: 425.860 GC heap before
{Heap before GC invocations=55 (full 0):
 garbage-first heap   total 263168K, used 220854K [0x00000000c0000000, 0x0000000100000000)
  region size 1024K, 84 young (86016K), 5 survivors (5120K)
 Metaspace       used 95394K, committed 97984K, reserved 1179648K
  class space    used 13380K, committed 14656K, reserved 1048576K
}
Event: 425.865 GC heap after
{Heap after GC invocations=56 (full 0):
 garbage-first heap   total 263168K, used 148036K [0x00000000c0000000, 0x0000000100000000)
  region size 1024K, 11 young (11264K), 11 survivors (11264K)
 Metaspace       used 95394K, committed 97984K, reserved 1179648K
  class space    used 13380K, committed 14656K, reserved 1048576K
}
Event: 426.220 GC heap before
{Heap before GC invocations=56 (full 0):
 garbage-first heap   total 263168K, used 230980K [0x00000000c0000000, 0x0000000100000000)
  region size 1024K, 85 young (87040K), 11 survivors (11264K)
 Metaspace       used 95497K, committed 98112K, reserved 1179648K
  class space    used 13380K, committed 14656K, reserved 1048576K
}
Event: 426.226 GC heap after
{Heap after GC invocations=57 (full 0):
 garbage-first heap   total 263168K, used 139132K [0x00000000c0000000, 0x0000000100000000)
  region size 1024K, 5 young (5120K), 5 survivors (5120K)
 Metaspace       used 95497K, committed 98112K, reserved 1179648K
  class space    used 13380K, committed 14656K, reserved 1048576K
}
Event: 480.176 GC heap before
{Heap before GC invocations=57 (full 0):
 garbage-first heap   total 263168K, used 191356K [0x00000000c0000000, 0x0000000100000000)
  region size 1024K, 57 young (58368K), 5 survivors (5120K)
 Metaspace       used 95714K, committed 98368K, reserved 1179648K
  class space    used 13381K, committed 14656K, reserved 1048576K
}
Event: 480.179 GC heap after
{Heap after GC invocations=58 (full 0):
 garbage-first heap   total 263168K, used 134114K [0x00000000c0000000, 0x0000000100000000)
  region size 1024K, 4 young (4096K), 4 survivors (4096K)
 Metaspace       used 95714K, committed 98368K, reserved 1179648K
  class space    used 13381K, committed 14656K, reserved 1048576K
}
Event: 481.840 GC heap before
{Heap before GC invocations=59 (full 0):
 garbage-first heap   total 263168K, used 229346K [0x00000000c0000000, 0x0000000100000000)
  region size 1024K, 93 young (95232K), 4 survivors (4096K)
 Metaspace       used 95886K, committed 98432K, reserved 1179648K
  class space    used 13382K, committed 14656K, reserved 1048576K
}
Event: 481.846 GC heap after
{Heap after GC invocations=60 (full 0):
 garbage-first heap   total 263168K, used 152079K [0x00000000c0000000, 0x0000000100000000)
  region size 1024K, 12 young (12288K), 12 survivors (12288K)
 Metaspace       used 95886K, committed 98432K, reserved 1179648K
  class space    used 13382K, committed 14656K, reserved 1048576K
}
Event: 482.293 GC heap before
{Heap before GC invocations=60 (full 0):
 garbage-first heap   total 263168K, used 229903K [0x00000000c0000000, 0x0000000100000000)
  region size 1024K, 85 young (87040K), 12 survivors (12288K)
 Metaspace       used 96020K, committed 98624K, reserved 1179648K
  class space    used 13383K, committed 14656K, reserved 1048576K
}
Event: 482.298 GC heap after
{Heap after GC invocations=61 (full 0):
 garbage-first heap   total 263168K, used 145179K [0x00000000c0000000, 0x0000000100000000)
  region size 1024K, 6 young (6144K), 6 survivors (6144K)
 Metaspace       used 96020K, committed 98624K, reserved 1179648K
  class space    used 13383K, committed 14656K, reserved 1048576K
}
Event: 604.270 GC heap before
{Heap before GC invocations=61 (full 0):
 garbage-first heap   total 263168K, used 168731K [0x00000000c0000000, 0x0000000100000000)
  region size 1024K, 31 young (31744K), 6 survivors (6144K)
 Metaspace       used 96149K, committed 98752K, reserved 1179648K
  class space    used 13385K, committed 14656K, reserved 1048576K
}
Event: 604.272 GC heap after
{Heap after GC invocations=62 (full 0):
 garbage-first heap   total 263168K, used 142343K [0x00000000c0000000, 0x0000000100000000)
  region size 1024K, 3 young (3072K), 3 survivors (3072K)
 Metaspace       used 96149K, committed 98752K, reserved 1179648K
  class space    used 13385K, committed 14656K, reserved 1048576K
}
Event: 605.185 GC heap before
{Heap before GC invocations=63 (full 0):
 garbage-first heap   total 263168K, used 237575K [0x00000000c0000000, 0x0000000100000000)
  region size 1024K, 89 young (91136K), 3 survivors (3072K)
 Metaspace       used 96324K, committed 98944K, reserved 1179648K
  class space    used 13386K, committed 14656K, reserved 1048576K
}
Event: 605.192 GC heap after
{Heap after GC invocations=64 (full 0):
 garbage-first heap   total 263168K, used 162382K [0x00000000c0000000, 0x0000000100000000)
  region size 1024K, 12 young (12288K), 12 survivors (12288K)
 Metaspace       used 96324K, committed 98944K, reserved 1179648K
  class space    used 13386K, committed 14656K, reserved 1048576K
}
Event: 605.440 GC heap before
{Heap before GC invocations=64 (full 0):
 garbage-first heap   total 263168K, used 235086K [0x00000000c0000000, 0x0000000100000000)
  region size 1024K, 80 young (81920K), 12 survivors (12288K)
 Metaspace       used 96386K, committed 99008K, reserved 1179648K
  class space    used 13386K, committed 14656K, reserved 1048576K
}
Event: 605.447 GC heap after
{Heap after GC invocations=65 (full 0):
 garbage-first heap   total 263168K, used 142514K [0x00000000c0000000, 0x0000000100000000)
  region size 1024K, 6 young (6144K), 6 survivors (6144K)
 Metaspace       used 96386K, committed 99008K, reserved 1179648K
  class space    used 13386K, committed 14656K, reserved 1048576K
}

